<?xml version="1.0" encoding="UTF-8"?>
<!-- Generated by org.testng.reporters.JUnitReportReporter -->
<testsuite hostname="LAPTOP-MP6OLACU" failures="0" tests="3" name="com.crm.qa.testcases.TC_LoginPage_001" time="46.719" errors="0" timestamp="2020-02-21T14:34:49 EST" skipped="0">
  <testcase classname="com.crm.qa.testcases.TC_LoginPage_001" name="loginPageTitleTest" time="12.915"/>
  <testcase classname="com.crm.qa.testcases.TC_LoginPage_001" name="logoTest" time="16.265"/>
  <testcase classname="com.crm.qa.testcases.TC_LoginPage_001" name="logintest" time="17.539"/>
</testsuite> <!-- com.crm.qa.testcases.TC_LoginPage_001 -->
