<?xml version="1.0" encoding="UTF-8"?>
<!-- Generated by org.testng.reporters.JUnitReportReporter -->
<testsuite hostname="LAPTOP-MP6OLACU" failures="0" tests="4" name="com.crm.qa.testcases.TC_HomePage_002" time="70.728" errors="0" timestamp="2020-02-21T14:34:49 EST" skipped="0">
  <testcase classname="com.crm.qa.testcases.TC_HomePage_002" name="verifyhomepageTitle" time="18.034"/>
  <testcase classname="com.crm.qa.testcases.TC_HomePage_002" name="verifyUsername" time="16.692"/>
  <testcase classname="com.crm.qa.testcases.TC_HomePage_002" name="verifyContactspageLink" time="18.454"/>
  <testcase classname="com.crm.qa.testcases.TC_HomePage_002" name="verifyDealsPage" time="17.548"/>
</testsuite> <!-- com.crm.qa.testcases.TC_HomePage_002 -->
